2021-05-26 11:28:07,995 INFO 16932 [egg:logger] init all loggers with options: {"dir":"E:\\python\\pycharm study\\web实训\\项目\\egg\\logs\\egg","encoding":"utf8","env":"local","level":"INFO","consoleLevel":"INFO","disableConsoleAfterReady":false,"outputJSON":false,"buffer":true,"appLogName":"egg-web.log","coreLogName":"egg-web.log","agentLogName":"egg-agent.log","errorLogName":"common-error.log","coreLogger":{"consoleLevel":"WARN"},"allowDebugAtProd":false,"type":"application"}
2021-05-26 11:28:08,026 INFO 16932 [egg-multipart] stream mode enable
2021-05-26 11:28:08,140 INFO 16932 [egg-static] starting static serve /public/ -> E:\python\pycharm study\web实训\项目\egg\app\public
2021-05-26 11:28:08,143 INFO 16932 [egg-security] use csrf middleware
2021-05-26 11:28:08,144 INFO 16932 [egg-security] use methodnoallow middleware
2021-05-26 11:28:08,145 INFO 16932 [egg-security] use noopen middleware
2021-05-26 11:28:08,146 INFO 16932 [egg-security] use nosniff middleware
2021-05-26 11:28:08,147 INFO 16932 [egg-security] use xssProtection middleware
2021-05-26 11:28:08,148 INFO 16932 [egg-security] use xframe middleware
2021-05-26 11:28:08,148 INFO 16932 [egg-security] use dta middleware
2021-05-26 11:28:08,148 INFO 16932 [egg-security] compose 7 middlewares into one security middleware
2021-05-26 11:28:08,155 INFO 16932 [egg:core] dump config after load, 5ms
2021-05-26 11:28:08,168 INFO 16932 [egg-watcher:application] watcher start success
2021-05-26 11:28:08,176 INFO 16932 [egg:core] dump config after ready, 7ms
2021-05-26 11:42:42,906 INFO 20476 [egg:logger] init all loggers with options: {"dir":"E:\\python\\pycharm study\\web实训\\项目\\egg\\logs\\egg","encoding":"utf8","env":"local","level":"INFO","consoleLevel":"INFO","disableConsoleAfterReady":false,"outputJSON":false,"buffer":true,"appLogName":"egg-web.log","coreLogName":"egg-web.log","agentLogName":"egg-agent.log","errorLogName":"common-error.log","coreLogger":{"consoleLevel":"WARN"},"allowDebugAtProd":false,"type":"application"}
2021-05-26 11:42:42,934 INFO 20476 [egg-multipart] stream mode enable
2021-05-26 11:42:43,043 INFO 20476 [egg-static] starting static serve /public/ -> E:\python\pycharm study\web实训\项目\egg\app\public
2021-05-26 11:42:43,046 INFO 20476 [egg-security] use csrf middleware
2021-05-26 11:42:43,047 INFO 20476 [egg-security] use methodnoallow middleware
2021-05-26 11:42:43,047 INFO 20476 [egg-security] use noopen middleware
2021-05-26 11:42:43,049 INFO 20476 [egg-security] use nosniff middleware
2021-05-26 11:42:43,049 INFO 20476 [egg-security] use xssProtection middleware
2021-05-26 11:42:43,051 INFO 20476 [egg-security] use xframe middleware
2021-05-26 11:42:43,052 INFO 20476 [egg-security] use dta middleware
2021-05-26 11:42:43,052 INFO 20476 [egg-security] compose 7 middlewares into one security middleware
2021-05-26 11:42:43,056 INFO 20476 [egg:core] dump config after load, 4ms
2021-05-26 11:42:43,067 INFO 20476 [egg-watcher:application] watcher start success
2021-05-26 11:42:43,074 INFO 20476 [egg:core] dump config after ready, 5ms
2021-05-27 09:09:23,807 INFO 4876 [egg:logger] init all loggers with options: {"dir":"E:\\python\\pycharm study\\web实训\\项目\\egg\\logs\\egg","encoding":"utf8","env":"local","level":"INFO","consoleLevel":"INFO","disableConsoleAfterReady":false,"outputJSON":false,"buffer":true,"appLogName":"egg-web.log","coreLogName":"egg-web.log","agentLogName":"egg-agent.log","errorLogName":"common-error.log","coreLogger":{"consoleLevel":"WARN"},"allowDebugAtProd":false,"type":"application"}
2021-05-27 09:09:23,832 INFO 4876 [egg-multipart] stream mode enable
2021-05-27 09:09:25,379 INFO 4876 [egg-static] starting static serve /public/ -> E:\python\pycharm study\web实训\项目\egg\app\public
2021-05-27 09:09:25,487 INFO 4876 [egg-security] use csrf middleware
2021-05-27 09:09:25,547 INFO 4876 [egg-security] use methodnoallow middleware
2021-05-27 09:09:25,548 INFO 4876 [egg-security] use noopen middleware
2021-05-27 09:09:25,556 INFO 4876 [egg-security] use nosniff middleware
2021-05-27 09:09:25,568 INFO 4876 [egg-security] use xssProtection middleware
2021-05-27 09:09:25,571 INFO 4876 [egg-security] use xframe middleware
2021-05-27 09:09:25,572 INFO 4876 [egg-security] use dta middleware
2021-05-27 09:09:25,572 INFO 4876 [egg-security] compose 7 middlewares into one security middleware
2021-05-27 09:09:25,578 INFO 4876 [egg:core] dump config after load, 6ms
2021-05-27 09:09:25,589 INFO 4876 [egg-watcher:application] watcher start success
2021-05-27 09:09:25,598 INFO 4876 [egg:core] dump config after ready, 7ms
2021-05-27 10:06:16,898 INFO 11180 [egg:logger] init all loggers with options: {"dir":"E:\\python\\pycharm study\\web实训\\项目\\egg\\logs\\egg","encoding":"utf8","env":"local","level":"INFO","consoleLevel":"INFO","disableConsoleAfterReady":false,"outputJSON":false,"buffer":true,"appLogName":"egg-web.log","coreLogName":"egg-web.log","agentLogName":"egg-agent.log","errorLogName":"common-error.log","coreLogger":{"consoleLevel":"WARN"},"allowDebugAtProd":false,"type":"application"}
2021-05-27 10:06:16,923 INFO 11180 [egg-multipart] stream mode enable
2021-05-27 10:06:17,025 INFO 11180 [egg-static] starting static serve /public/ -> E:\python\pycharm study\web实训\项目\egg\app\public
2021-05-27 10:06:17,028 INFO 11180 [egg-security] use csrf middleware
2021-05-27 10:06:17,029 INFO 11180 [egg-security] use methodnoallow middleware
2021-05-27 10:06:17,029 INFO 11180 [egg-security] use noopen middleware
2021-05-27 10:06:17,031 INFO 11180 [egg-security] use nosniff middleware
2021-05-27 10:06:17,031 INFO 11180 [egg-security] use xssProtection middleware
2021-05-27 10:06:17,032 INFO 11180 [egg-security] use xframe middleware
2021-05-27 10:06:17,032 INFO 11180 [egg-security] use dta middleware
2021-05-27 10:06:17,032 INFO 11180 [egg-security] compose 7 middlewares into one security middleware
2021-05-27 10:06:17,039 INFO 11180 [egg:core] dump config after load, 4ms
2021-05-27 10:06:17,050 INFO 11180 [egg-watcher:application] watcher start success
2021-05-27 10:06:17,057 INFO 11180 [egg:core] dump config after ready, 5ms
2021-05-27 10:13:25,596 INFO 9732 [egg:logger] init all loggers with options: {"dir":"E:\\python\\pycharm study\\web实训\\项目\\egg\\logs\\egg","encoding":"utf8","env":"local","level":"INFO","consoleLevel":"INFO","disableConsoleAfterReady":false,"outputJSON":false,"buffer":true,"appLogName":"egg-web.log","coreLogName":"egg-web.log","agentLogName":"egg-agent.log","errorLogName":"common-error.log","coreLogger":{"consoleLevel":"WARN"},"allowDebugAtProd":false,"type":"application"}
2021-05-27 10:13:25,621 INFO 9732 [egg-multipart] stream mode enable
2021-05-27 10:13:25,726 INFO 9732 [egg-static] starting static serve /public/ -> E:\python\pycharm study\web实训\项目\egg\app\public
2021-05-27 10:13:25,728 INFO 9732 [egg-security] use methodnoallow middleware
2021-05-27 10:13:25,729 INFO 9732 [egg-security] use noopen middleware
2021-05-27 10:13:25,731 INFO 9732 [egg-security] use nosniff middleware
2021-05-27 10:13:25,731 INFO 9732 [egg-security] use xssProtection middleware
2021-05-27 10:13:25,732 INFO 9732 [egg-security] use xframe middleware
2021-05-27 10:13:25,732 INFO 9732 [egg-security] use dta middleware
2021-05-27 10:13:25,732 INFO 9732 [egg-security] compose 6 middlewares into one security middleware
2021-05-27 10:13:25,739 INFO 9732 [egg:core] dump config after load, 4ms
2021-05-27 10:13:25,749 INFO 9732 [egg-watcher:application] watcher start success
2021-05-27 10:13:25,756 INFO 9732 [egg:core] dump config after ready, 5ms
2021-05-27 10:21:10,480 INFO 5720 [egg:logger] init all loggers with options: {"dir":"E:\\python\\pycharm study\\web实训\\项目\\egg\\logs\\egg","encoding":"utf8","env":"local","level":"INFO","consoleLevel":"INFO","disableConsoleAfterReady":false,"outputJSON":false,"buffer":true,"appLogName":"egg-web.log","coreLogName":"egg-web.log","agentLogName":"egg-agent.log","errorLogName":"common-error.log","coreLogger":{"consoleLevel":"WARN"},"allowDebugAtProd":false,"type":"application"}
2021-05-27 10:21:10,505 INFO 5720 [egg-multipart] stream mode enable
2021-05-27 10:21:10,613 INFO 5720 [egg-static] starting static serve /public/ -> E:\python\pycharm study\web实训\项目\egg\app\public
2021-05-27 10:21:10,616 INFO 5720 [egg-security] use methodnoallow middleware
2021-05-27 10:21:10,616 INFO 5720 [egg-security] use noopen middleware
2021-05-27 10:21:10,618 INFO 5720 [egg-security] use nosniff middleware
2021-05-27 10:21:10,618 INFO 5720 [egg-security] use xssProtection middleware
2021-05-27 10:21:10,619 INFO 5720 [egg-security] use xframe middleware
2021-05-27 10:21:10,619 INFO 5720 [egg-security] use dta middleware
2021-05-27 10:21:10,619 INFO 5720 [egg-security] compose 6 middlewares into one security middleware
2021-05-27 10:21:10,627 INFO 5720 [egg:core] dump config after load, 4ms
2021-05-27 10:21:10,636 INFO 5720 [egg-watcher:application] watcher start success
2021-05-27 10:21:10,643 INFO 5720 [egg:core] dump config after ready, 5ms
2021-05-27 10:42:50,492 INFO 12728 [egg:logger] init all loggers with options: {"dir":"E:\\python\\pycharm study\\web实训\\项目\\egg\\logs\\egg","encoding":"utf8","env":"local","level":"INFO","consoleLevel":"INFO","disableConsoleAfterReady":false,"outputJSON":false,"buffer":true,"appLogName":"egg-web.log","coreLogName":"egg-web.log","agentLogName":"egg-agent.log","errorLogName":"common-error.log","coreLogger":{"consoleLevel":"WARN"},"allowDebugAtProd":false,"type":"application"}
2021-05-27 10:42:50,517 INFO 12728 [egg-multipart] stream mode enable
2021-05-27 10:42:50,619 INFO 12728 [egg-static] starting static serve /public/ -> E:\python\pycharm study\web实训\项目\egg\app\public
2021-05-27 10:42:50,621 INFO 12728 [egg-security] use methodnoallow middleware
2021-05-27 10:42:50,622 INFO 12728 [egg-security] use noopen middleware
2021-05-27 10:42:50,623 INFO 12728 [egg-security] use nosniff middleware
2021-05-27 10:42:50,624 INFO 12728 [egg-security] use xssProtection middleware
2021-05-27 10:42:50,624 INFO 12728 [egg-security] use xframe middleware
2021-05-27 10:42:50,625 INFO 12728 [egg-security] use dta middleware
2021-05-27 10:42:50,625 INFO 12728 [egg-security] compose 6 middlewares into one security middleware
2021-05-27 10:42:50,631 INFO 12728 [egg:core] dump config after load, 3ms
2021-05-27 10:42:50,641 INFO 12728 [egg-watcher:application] watcher start success
2021-05-27 10:42:50,673 INFO 12728 [egg:core] dump config after ready, 30ms
2021-05-27 10:55:07,669 INFO 288 [egg:logger] init all loggers with options: {"dir":"E:\\python\\pycharm study\\web实训\\项目\\egg\\logs\\egg","encoding":"utf8","env":"local","level":"INFO","consoleLevel":"INFO","disableConsoleAfterReady":false,"outputJSON":false,"buffer":true,"appLogName":"egg-web.log","coreLogName":"egg-web.log","agentLogName":"egg-agent.log","errorLogName":"common-error.log","coreLogger":{"consoleLevel":"WARN"},"allowDebugAtProd":false,"type":"application"}
2021-05-27 10:55:07,695 INFO 288 [egg-multipart] stream mode enable
2021-05-27 10:55:07,809 INFO 288 [egg-static] starting static serve /public/ -> E:\python\pycharm study\web实训\项目\egg\app\public
2021-05-27 10:55:07,811 INFO 288 [egg-security] use methodnoallow middleware
2021-05-27 10:55:07,812 INFO 288 [egg-security] use noopen middleware
2021-05-27 10:55:07,813 INFO 288 [egg-security] use nosniff middleware
2021-05-27 10:55:07,814 INFO 288 [egg-security] use xssProtection middleware
2021-05-27 10:55:07,815 INFO 288 [egg-security] use xframe middleware
2021-05-27 10:55:07,815 INFO 288 [egg-security] use dta middleware
2021-05-27 10:55:07,816 INFO 288 [egg-security] compose 6 middlewares into one security middleware
2021-05-27 10:55:08,331 INFO 288 [egg:core] dump config after load, 4ms
2021-05-27 10:55:08,343 INFO 288 [egg-watcher:application] watcher start success
2021-05-27 10:55:08,350 INFO 288 [egg:core] dump config after ready, 6ms
2021-05-27 10:55:25,165 ERROR 288 [-/::1/-/3ms GET /chat.do] nodejs.ReferenceError: quary is not defined
    at data (E:\python\pycharm study\web实训\项目\egg\app\controller\ai.js:31:14)
    at new Promise (<anonymous>)
    at AIController.chat (E:\python\pycharm study\web实训\项目\egg\app\controller\ai.js:29:20)
    at Object.callFn (E:\python\pycharm study\web实训\项目\egg\node_modules\_egg-core@4.20.0@egg-core\lib\utils\index.js:44:21)
    at Object.classControllerMiddleware (E:\python\pycharm study\web实训\项目\egg\node_modules\_egg-core@4.20.0@egg-core\lib\loader\mixin\controller.js:87:20)
    at Object.callFn (E:\python\pycharm study\web实训\项目\egg\node_modules\_@eggjs_router@2.0.0@@eggjs\router\lib\utils.js:12:21)
    at wrappedController (E:\python\pycharm study\web实训\项目\egg\node_modules\_@eggjs_router@2.0.0@@eggjs\router\lib\egg_router.js:322:18)
    at dispatch (E:\python\pycharm study\web实训\项目\egg\node_modules\_koa-compose@3.2.1@koa-compose\index.js:44:32)
    at next (E:\python\pycharm study\web实训\项目\egg\node_modules\_koa-compose@3.2.1@koa-compose\index.js:45:18)
    at E:\python\pycharm study\web实训\项目\egg\node_modules\_@eggjs_router@2.0.0@@eggjs\router\lib\router.js:190:18

pid: 288
hostname: DESKTOP-ILISK72

2021-05-27 10:56:40,632 INFO 17056 [egg:logger] init all loggers with options: {"dir":"E:\\python\\pycharm study\\web实训\\项目\\egg\\logs\\egg","encoding":"utf8","env":"local","level":"INFO","consoleLevel":"INFO","disableConsoleAfterReady":false,"outputJSON":false,"buffer":true,"appLogName":"egg-web.log","coreLogName":"egg-web.log","agentLogName":"egg-agent.log","errorLogName":"common-error.log","coreLogger":{"consoleLevel":"WARN"},"allowDebugAtProd":false,"type":"application"}
2021-05-27 10:56:40,661 INFO 17056 [egg-multipart] stream mode enable
2021-05-27 10:56:40,814 INFO 17056 [egg-static] starting static serve /public/ -> E:\python\pycharm study\web实训\项目\egg\app\public
2021-05-27 10:56:40,820 INFO 17056 [egg-security] use methodnoallow middleware
2021-05-27 10:56:40,821 INFO 17056 [egg-security] use noopen middleware
2021-05-27 10:56:40,823 INFO 17056 [egg-security] use nosniff middleware
2021-05-27 10:56:40,824 INFO 17056 [egg-security] use xssProtection middleware
2021-05-27 10:56:40,825 INFO 17056 [egg-security] use xframe middleware
2021-05-27 10:56:40,826 INFO 17056 [egg-security] use dta middleware
2021-05-27 10:56:40,826 INFO 17056 [egg-security] compose 6 middlewares into one security middleware
2021-05-27 10:56:41,743 INFO 17056 [egg:core] dump config after load, 4ms
2021-05-27 10:56:41,754 INFO 17056 [egg-watcher:application] watcher start success
2021-05-27 10:56:41,792 INFO 17056 [egg:core] dump config after ready, 36ms
2021-05-27 11:00:09,553 INFO 14824 [egg:logger] init all loggers with options: {"dir":"E:\\python\\pycharm study\\web实训\\项目\\egg\\logs\\egg","encoding":"utf8","env":"local","level":"INFO","consoleLevel":"INFO","disableConsoleAfterReady":false,"outputJSON":false,"buffer":true,"appLogName":"egg-web.log","coreLogName":"egg-web.log","agentLogName":"egg-agent.log","errorLogName":"common-error.log","coreLogger":{"consoleLevel":"WARN"},"allowDebugAtProd":false,"type":"application"}
2021-05-27 11:00:09,581 INFO 14824 [egg-multipart] stream mode enable
2021-05-27 11:00:09,723 INFO 14824 [egg-static] starting static serve /public/ -> E:\python\pycharm study\web实训\项目\egg\app\public
2021-05-27 11:00:09,727 INFO 14824 [egg-security] use methodnoallow middleware
2021-05-27 11:00:09,727 INFO 14824 [egg-security] use noopen middleware
2021-05-27 11:00:09,729 INFO 14824 [egg-security] use nosniff middleware
2021-05-27 11:00:09,730 INFO 14824 [egg-security] use xssProtection middleware
2021-05-27 11:00:09,731 INFO 14824 [egg-security] use xframe middleware
2021-05-27 11:00:09,731 INFO 14824 [egg-security] use dta middleware
2021-05-27 11:00:09,731 INFO 14824 [egg-security] compose 6 middlewares into one security middleware
2021-05-27 11:00:10,494 INFO 14824 [egg:core] dump config after load, 5ms
2021-05-27 11:00:10,506 INFO 14824 [egg-watcher:application] watcher start success
2021-05-27 11:00:10,515 INFO 14824 [egg:core] dump config after ready, 6ms
2021-05-28 14:28:29,325 INFO 10848 [egg:logger] init all loggers with options: {"dir":"E:\\python\\pycharm study\\web实训\\项目\\egg\\logs\\egg","encoding":"utf8","env":"local","level":"INFO","consoleLevel":"INFO","disableConsoleAfterReady":false,"outputJSON":false,"buffer":true,"appLogName":"egg-web.log","coreLogName":"egg-web.log","agentLogName":"egg-agent.log","errorLogName":"common-error.log","coreLogger":{"consoleLevel":"WARN"},"allowDebugAtProd":false,"type":"application"}
2021-05-28 14:28:29,353 INFO 10848 [egg-multipart] stream mode enable
2021-05-28 14:28:30,781 INFO 10848 [egg-static] starting static serve /public/ -> E:\python\pycharm study\web实训\项目\egg\app\public
2021-05-28 14:28:30,799 INFO 10848 [egg-security] use methodnoallow middleware
2021-05-28 14:28:30,800 INFO 10848 [egg-security] use noopen middleware
2021-05-28 14:28:30,803 INFO 10848 [egg-security] use nosniff middleware
2021-05-28 14:28:30,803 INFO 10848 [egg-security] use xssProtection middleware
2021-05-28 14:28:30,804 INFO 10848 [egg-security] use xframe middleware
2021-05-28 14:28:30,805 INFO 10848 [egg-security] use dta middleware
2021-05-28 14:28:30,805 INFO 10848 [egg-security] compose 6 middlewares into one security middleware
2021-05-28 14:28:38,079 INFO 10848 [egg:core] dump config after load, 32ms
2021-05-28 14:28:38,118 INFO 10848 [egg-watcher:application] watcher start success
2021-05-28 14:28:38,125 INFO 10848 [egg:core] dump config after ready, 6ms
2021-05-28 14:49:48,726 ERROR 10848 [-/172.22.9.158/-/1ms GET /public/touxiang.jpg] nodejs.ENOENTError: ENOENT: no such file or directory, stat 'E:\python\pycharm study\web实训\项目\egg\app\public\touxiang.jpg'
ENOENTError: ENOENT: no such file or directory, stat 'E:\python\pycharm study\web实训\项目\egg\app\public\touxiang.jpg'
errno: -4058
code: "ENOENT"
syscall: "stat"
path: "E:\\python\\pycharm study\\web实训\\项目\\egg\\app\\public\\touxiang.jpg"
name: "ENOENTError"
pid: 10848
hostname: DESKTOP-ILISK72

2021-05-28 14:49:48,974 ERROR 10848 [-/172.22.9.158/-/2ms GET /public/touxiang.jpg] nodejs.ENOENTError: ENOENT: no such file or directory, stat 'E:\python\pycharm study\web实训\项目\egg\app\public\touxiang.jpg'
ENOENTError: ENOENT: no such file or directory, stat 'E:\python\pycharm study\web实训\项目\egg\app\public\touxiang.jpg'
errno: -4058
code: "ENOENT"
syscall: "stat"
path: "E:\\python\\pycharm study\\web实训\\项目\\egg\\app\\public\\touxiang.jpg"
headerSent: true
name: "ENOENTError"
pid: 10848
hostname: DESKTOP-ILISK72

2021-05-28 14:49:48,976 ERROR 10848 [-/172.22.9.158/-/1ms GET /public/touxiang.jpg] nodejs.ENOENTError: ENOENT: no such file or directory, stat 'E:\python\pycharm study\web实训\项目\egg\app\public\touxiang.jpg'
ENOENTError: ENOENT: no such file or directory, stat 'E:\python\pycharm study\web实训\项目\egg\app\public\touxiang.jpg'
errno: -4058
code: "ENOENT"
syscall: "stat"
path: "E:\\python\\pycharm study\\web实训\\项目\\egg\\app\\public\\touxiang.jpg"
name: "ENOENTError"
pid: 10848
hostname: DESKTOP-ILISK72

2021-05-28 14:49:48,960 ERROR 10848 nodejs.ECONNABORTEDError: write ECONNABORTED (address: 127.0.0.1:52990)
    at afterWriteDispatched (internal/stream_base_commons.js:156:25)
    at writeGeneric (internal/stream_base_commons.js:147:3)
    at Socket._writeGeneric (net.js:785:11)
    at Socket._write (net.js:797:8)
    at writeOrBuffer (internal/streams/writable.js:358:12)
    at Socket.Writable.write (internal/streams/writable.js:303:10)
    at Follower.sendHeartBeat (E:\python\pycharm study\web实训\项目\egg\node_modules\_tcp-base@3.1.0@tcp-base\lib\base.js:105:18)
    at Timeout._onTimeout (E:\python\pycharm study\web实训\项目\egg\node_modules\_tcp-base@3.1.0@tcp-base\lib\base.js:437:12)
    at listOnTimeout (internal/timers.js:555:17)
    at processTimers (internal/timers.js:498:7)
errno: -4079
code: "ECONNABORTED"
syscall: "write"
name: "ECONNABORTEDError"
pid: 10848
hostname: DESKTOP-ILISK72

2021-05-28 14:49:48,971 WARN 10848 [ClusterClient:Watcher] follower closed, and try to init it again
2021-05-28 16:13:24,892 INFO 15944 [egg:logger] init all loggers with options: {"dir":"E:\\python\\pycharm study\\web实训\\项目\\egg\\logs\\egg","encoding":"utf8","env":"local","level":"INFO","consoleLevel":"INFO","disableConsoleAfterReady":false,"outputJSON":false,"buffer":true,"appLogName":"egg-web.log","coreLogName":"egg-web.log","agentLogName":"egg-agent.log","errorLogName":"common-error.log","coreLogger":{"consoleLevel":"WARN"},"allowDebugAtProd":false,"type":"application"}
2021-05-28 16:13:24,923 INFO 15944 [egg-multipart] stream mode enable
2021-05-28 16:13:25,080 INFO 15944 [egg-static] starting static serve /public/ -> E:\python\pycharm study\web实训\项目\egg\app\public
2021-05-28 16:13:25,084 INFO 15944 [egg-security] use methodnoallow middleware
2021-05-28 16:13:25,085 INFO 15944 [egg-security] use noopen middleware
2021-05-28 16:13:25,087 INFO 15944 [egg-security] use nosniff middleware
2021-05-28 16:13:25,087 INFO 15944 [egg-security] use xssProtection middleware
2021-05-28 16:13:25,088 INFO 15944 [egg-security] use xframe middleware
2021-05-28 16:13:25,089 INFO 15944 [egg-security] use dta middleware
2021-05-28 16:13:25,089 INFO 15944 [egg-security] compose 6 middlewares into one security middleware
2021-05-28 16:13:27,225 INFO 15944 [egg:core] dump config after load, 5ms
2021-05-28 16:13:20,707 INFO 1928 [egg:logger] init all loggers with options: {"dir":"E:\\python\\pycharm study\\web实训\\项目\\egg\\logs\\egg","encoding":"utf8","env":"local","level":"INFO","consoleLevel":"INFO","disableConsoleAfterReady":false,"outputJSON":false,"buffer":true,"appLogName":"egg-web.log","coreLogName":"egg-web.log","agentLogName":"egg-agent.log","errorLogName":"common-error.log","coreLogger":{"consoleLevel":"WARN"},"allowDebugAtProd":false,"type":"application"}
2021-05-28 16:13:20,740 INFO 1928 [egg-multipart] stream mode enable
2021-05-28 16:13:22,349 INFO 1928 [egg-static] starting static serve /public/ -> E:\python\pycharm study\web实训\项目\egg\app\public
2021-05-28 16:13:22,379 INFO 1928 [egg-security] use methodnoallow middleware
2021-05-28 16:13:22,380 INFO 1928 [egg-security] use noopen middleware
2021-05-28 16:13:22,382 INFO 1928 [egg-security] use nosniff middleware
2021-05-28 16:13:22,387 INFO 1928 [egg-security] use xssProtection middleware
2021-05-28 16:13:22,388 INFO 1928 [egg-security] use xframe middleware
2021-05-28 16:13:22,389 INFO 1928 [egg-security] use dta middleware
2021-05-28 16:13:22,389 INFO 1928 [egg-security] compose 6 middlewares into one security middleware
2021-05-28 16:13:27,229 INFO 1928 [egg:core] dump config after load, 7ms
2021-05-28 16:13:27,240 INFO 15944 [egg-watcher:application] watcher start success
2021-05-28 16:13:27,250 INFO 15944 [egg:core] dump config after ready, 9ms
2021-05-28 16:13:28,527 INFO 18440 [egg:logger] init all loggers with options: {"dir":"E:\\python\\pycharm study\\web实训\\项目\\egg\\logs\\egg","encoding":"utf8","env":"local","level":"INFO","consoleLevel":"INFO","disableConsoleAfterReady":false,"outputJSON":false,"buffer":true,"appLogName":"egg-web.log","coreLogName":"egg-web.log","agentLogName":"egg-agent.log","errorLogName":"common-error.log","coreLogger":{"consoleLevel":"WARN"},"allowDebugAtProd":false,"type":"application"}
2021-05-28 16:13:28,554 INFO 18440 [egg-multipart] stream mode enable
2021-05-28 16:13:28,682 INFO 18440 [egg-static] starting static serve /public/ -> E:\python\pycharm study\web实训\项目\egg\app\public
2021-05-28 16:13:28,685 INFO 18440 [egg-security] use methodnoallow middleware
2021-05-28 16:13:28,686 INFO 18440 [egg-security] use noopen middleware
2021-05-28 16:13:28,687 INFO 18440 [egg-security] use nosniff middleware
2021-05-28 16:13:28,688 INFO 18440 [egg-security] use xssProtection middleware
2021-05-28 16:13:28,688 INFO 18440 [egg-security] use xframe middleware
2021-05-28 16:13:28,689 INFO 18440 [egg-security] use dta middleware
2021-05-28 16:13:28,689 INFO 18440 [egg-security] compose 6 middlewares into one security middleware
2021-05-28 16:13:29,211 INFO 18440 [egg:core] dump config after load, 4ms
2021-05-28 16:13:29,218 INFO 18440 [egg-watcher:application] watcher start success
2021-05-28 16:13:29,432 INFO 18440 [egg:core] dump config after ready, 212ms
